<?xml version="1.0" encoding="UTF-8"?>
<!-- Generated by org.testng.reporters.JUnitReportReporter -->
<testsuite hostname="LAPTOP-592MAVU8" failures="0" tests="7" name="com.OrangeHrm.testCases.LoginToAccountTC_002" time="21.797" errors="0" timestamp="2023-04-11T17:33:27 IST" skipped="0">
  <testcase classname="com.OrangeHrm.testCases.LoginToAccountTC_002" name="loginWithDDT" time="1.899"/>
  <system-out/>
  <testcase classname="com.OrangeHrm.testCases.LoginToAccountTC_002" name="loginWithDDT" time="2.192"/>
  <system-out/>
  <testcase classname="com.OrangeHrm.testCases.LoginToAccountTC_002" name="loginWithDDT" time="1.825"/>
  <system-out/>
  <testcase classname="com.OrangeHrm.testCases.LoginToAccountTC_002" name="loginWithDDT" time="7.303"/>
  <system-out/>
  <testcase classname="com.OrangeHrm.testCases.LoginToAccountTC_002" name="loginWithDDT" time="1.588"/>
  <system-out/>
  <testcase classname="com.OrangeHrm.testCases.LoginToAccountTC_002" name="loginWithDDT" time="1.810"/>
  <system-out/>
  <testcase classname="com.OrangeHrm.testCases.LoginToAccountTC_002" name="loginWithDDT" time="5.180"/>
  <system-out/>
</testsuite> <!-- com.OrangeHrm.testCases.LoginToAccountTC_002 -->
