<?xml version="1.0" encoding="UTF-8"?>
<!-- Generated by org.testng.reporters.JUnitReportReporter -->
<testsuite hostname="LAPTOP-592MAVU8" failures="0" tests="1" name="com.OrangeHrm.testCases.loginToAccountTC_001" time="5.450" errors="0" timestamp="2023-04-12T19:36:07 IST" skipped="0">
  <testcase classname="com.OrangeHrm.testCases.loginToAccountTC_001" name="login" time="5.450"/>
  <system-out/>
</testsuite> <!-- com.OrangeHrm.testCases.loginToAccountTC_001 -->
